#
# A fatal error has been detected by the Java Runtime Environment:
#
#  EXCEPTION_ACCESS_VIOLATION (0xc0000005) at pc=0x00007ff9613d3676, pid=26296, tid=28840
#
# JRE version: Java(TM) SE Runtime Environment (17.0.9+11) (build 17.0.9+11-LTS-201)
# Java VM: Java HotSpot(TM) 64-Bit Server VM (17.0.9+11-LTS-201, mixed mode, emulated-client, sharing, tiered, compressed oops, compressed class ptrs, g1 gc, windows-amd64)
# Problematic frame:
# V  [jvm.dll+0x683676]
#
# No core dump will be written. Minidumps are not enabled by default on client versions of Windows
#
# If you would like to submit a bug report, please visit:
#   https://bugreport.java.com/bugreport/crash.jsp
#

---------------  S U M M A R Y ------------

Command Line: -Dcom.sun.management.jmxremote -Dcom.sun.management.jmxremote.port=55180 -Dcom.sun.management.jmxremote.authenticate=false -Dcom.sun.management.jmxremote.ssl=false -Djava.rmi.server.hostname=localhost -Dspring.jmx.enabled=true -Dspring.liveBeansView.mbeanDomain -Dspring.application.admin.enabled=true -XX:TieredStopAtLevel=1 -Dspring.boot.project.name=product -Dfile.encoding=UTF-8 -XX:+ShowCodeDetailsInExceptionMessages com.product.ProductApplication

Host: Intel(R) Core(TM) i7-10750H CPU @ 2.60GHz, 12 cores, 23G,  Windows 10 , 64 bit Build 19041 (10.0.19041.3636)
Time: Wed Jan  3 21:58:56 2024 Hora estándar central (México) elapsed time: 27169.115526 seconds (0d 7h 32m 49s)

---------------  T H R E A D  ---------------

Current thread (0x0000016a104ebef0):  GCTaskThread "GC Thread#0" [stack: 0x0000002adbf00000,0x0000002adc000000] [id=28840]

Stack: [0x0000002adbf00000,0x0000002adc000000],  sp=0x0000002adbfffc70,  free space=1023k
Native frames: (J=compiled Java code, j=interpreted, Vv=VM code, C=native code)
V  [jvm.dll+0x683676]
V  [jvm.dll+0x3065c3]
V  [jvm.dll+0x807b5b]
V  [jvm.dll+0x807ba6]
V  [jvm.dll+0x78998a]
V  [jvm.dll+0x677875]
C  [ucrtbase.dll+0x21bb2]
C  [KERNEL32.DLL+0x17344]
C  [ntdll.dll+0x526b1]


siginfo: EXCEPTION_ACCESS_VIOLATION (0xc0000005), reading address 0xffffffffffffffff


Register to memory mapping:

RIP=0x00007ff9613d3676 jvm.dll
RAX=0x00107ff961697a90 is an unknown value
RBX=
[error occurred during error reporting (printing register info), id 0xc0000005, EXCEPTION_ACCESS_VIOLATION (0xc0000005) at pc=0x00007ff960f4e27b]

Registers:
RAX=0x00107ff961697a90, RBX=0x0000016a189e7990, RCX=0x0000016a189e7990, RDX=0x0000016a189e7980
RSP=0x0000002adbfffc70, RBP=0x0000002adbfffd70, RSI=0x0000000000000000, RDI=0x0000016a10472b10
R8 =0x0000016a189e7990, R9 =0x0000016a17d00000, R10=0x0000016a189e6206, R11=0x0000016a189e6220
R12=0x0000000000000001, R13=0x0000000000000005, R14=0x0000000000000005, R15=0x0000016a189e6090
RIP=0x00007ff9613d3676, EFLAGS=0x0000000000010206

Top of Stack: (sp=0x0000002adbfffc70)
0x0000002adbfffc70:   000000000000000f 0000000000000000
0x0000002adbfffc80:   0000002adbfffdd0 00007ff9614e81ee
0x0000002adbfffc90:   0000016a189e6090 0000016a0e1910c0
0x0000002adbfffca0:   0000000000000000 0000016a0e1910c0
0x0000002adbfffcb0:   0000002a00000001 00007ff961530001
0x0000002adbfffcc0:   0000016a189e7990 0000016a0e1910c0
0x0000002adbfffcd0:   0000000000000000 0000016a0e1910c0
0x0000002adbfffce0:   0000002a00000001 00007ff961530001
0x0000002adbfffcf0:   0000002adc4fe320 0000016a0e1910c0
0x0000002adbfffd00:   0000000000000000 0000016a0e1910c0
0x0000002adbfffd10:   0000002a00000001 00007ff96140e54f
0x0000002adbfffd20:   0000016a189e6390 0000016a189e6710
0x0000002adbfffd30:   0000016a189e6a10 0000016a189e6d10
0x0000002adbfffd40:   0000016a189e7010 0000016a189e3b90
0x0000002adbfffd50:   0000016a189e4190 0000016a189e4490
0x0000002adbfffd60:   0000016a189e4790 0000016a189e4a90 

Instructions: (pc=0x00007ff9613d3676)
0x00007ff9613d3576:   45 88 0f 11 44 24 28 0f 10 45 98 0f 11 44 24 38
0x00007ff9613d3586:   4d 85 ff 74 51 48 8b 51 08 33 c0 8b 4c 24 30 66
0x00007ff9613d3596:   66 66 0f 1f 84 00 00 00 00 00 48 98 48 8b 04 c2
0x00007ff9613d35a6:   4c 39 78 18 77 06 4c 3b 78 20 72 06 ff c1 8b c1
0x00007ff9613d35b6:   eb e8 0f 10 44 24 20 89 4c 24 30 0f 10 4c 24 30
0x00007ff9613d35c6:   0f 11 44 24 50 0f 10 44 24 40 0f 11 4c 24 60 0f
0x00007ff9613d35d6:   11 44 24 70 eb 27 0f 10 44 24 20 0f 10 4c 24 30
0x00007ff9613d35e6:   0f 11 44 24 50 0f 10 44 24 40 0f 11 4c 24 60 0f
0x00007ff9613d35f6:   11 44 24 70 4d 85 ff 0f 84 07 01 00 00 44 8b 64
0x00007ff9613d3606:   24 70 45 33 f6 8b 74 24 60 48 8b 5c 24 50 41 3b
0x00007ff9613d3616:   f4 0f 84 f2 00 00 00 48 8b 44 24 58 48 63 ce 48
0x00007ff9613d3626:   8b 40 08 48 8b 3c c8 48 85 db 75 26 48 8b cf e8
0x00007ff9613d3636:   56 ee b7 ff 48 89 44 24 50 48 8b d8 48 85 c0 0f
0x00007ff9613d3646:   84 af 00 00 00 48 8b 00 48 8b cb ff 50 58 84 c0
0x00007ff9613d3656:   75 42 48 8b d3 48 8b cf e8 cd a0 a8 ff 48 89 44
0x00007ff9613d3666:   24 50 48 8b d8 48 85 c0 74 25 48 8b 03 48 8b cb
0x00007ff9613d3676:   ff 50 58 84 c0 75 13 48 8b d3 48 8b cf e8 a8 a0
0x00007ff9613d3686:   a8 ff 48 8b d8 48 85 c0 75 e0 48 89 5c 24 50 48
0x00007ff9613d3696:   85 db 74 60 80 7c 24 78 00 74 14 48 8b 03 48 8b
0x00007ff9613d36a6:   cb ff 90 88 00 00 00 84 c0 0f 84 5f ff ff ff 80
0x00007ff9613d36b6:   7c 24 79 00 74 27 48 8b 03 48 8b cb ff 50 58 33
0x00007ff9613d36c6:   c9 84 c0 48 0f 45 cb 48 85 c9 74 11 48 8b 01 ff
0x00007ff9613d36d6:   90 20 02 00 00 84 c0 0f 85 31 ff ff ff 4a 89 5c
0x00007ff9613d36e6:   f5 b0 41 ff c5 49 ff c6 49 83 fe 10 0f 8c 1c ff
0x00007ff9613d36f6:   ff ff eb 15 41 3b f4 74 10 ff c6 89 74 24 60 e9
0x00007ff9613d3706:   0a ff ff ff 48 8b 5c 24 50 49 8b c7 4c 8b 7d 80
0x00007ff9613d3716:   f0 49 0f b1 5f 28 0f 85 0e fe ff ff 45 85 ed 74
0x00007ff9613d3726:   39 33 db 49 63 fd 45 85 ed 0f 8e fb fd ff ff 66
0x00007ff9613d3736:   66 66 0f 1f 84 00 00 00 00 00 48 8b 4c dd b0 41
0x00007ff9613d3746:   0f b6 57 18 48 8b 01 ff 90 28 02 00 00 48 ff c3
0x00007ff9613d3756:   48 3b df 7c e5 e9 d0 fd ff ff 48 8b 4d 30 48 33
0x00007ff9613d3766:   cc e8 d4 32 1b 00 4c 8d 9c 24 40 01 00 00 49 8b 


Stack slot to memory mapping:
stack at sp + 0 slots: 0x000000000000000f is an unknown value
stack at sp + 1 slots: 0x0 is NULL
stack at sp + 2 slots: 0x0000002adbfffdd0 points into unknown readable memory: 0x0000000000000000 | 00 00 00 00 00 00 00 00
stack at sp + 3 slots: 0x00007ff9614e81ee jvm.dll
stack at sp + 4 slots: 0x0000016a189e6090 is at entry_point+-400 in (nmethod*)0x0000016a189e6090
Compiled method (c1) 27169128 7068       1       sun.nio.ch.WEPoll::getSocket (35 bytes)
 total in heap  [0x0000016a189e6090,0x0000016a189e6308] = 632
 relocation     [0x0000016a189e61e8,0x0000016a189e6210] = 40
 main code      [0x0000016a189e6220,0x0000016a189e62a0] = 128
 stub code      [0x0000016a189e62a0,0x0000016a189e62d8] = 56
 scopes data    [0x0000016a189e62d8,0x0000016a189e62e0] = 8
 scopes pcs     [0x0000016a189e62e0,0x0000016a189e6300] = 32
 dependencies   [0x0000016a189e6300,0x0000016a189e6308] = 8
stack at sp + 5 slots: 0x0000016a0e1910c0 points into unknown readable memory: 0x0000000300000001 | 01 00 00 00 03 00 00 00
stack at sp + 6 slots: 0x0 is NULL
stack at sp + 7 slots: 0x0000016a0e1910c0 points into unknown readable memory: 0x0000000300000001 | 01 00 00 00 03 00 00 00


---------------  P R O C E S S  ---------------

Threads class SMR info:
_java_thread_list=0x0000016a714ce280, length=16, elements={
0x0000016a2bf43fa0, 0x0000016a2bf44d30, 0x0000016a2bf55e70, 0x0000016a2bf56840,
0x0000016a2bf59620, 0x0000016a2bf59ef0, 0x0000016a2bf65040, 0x0000016a2bf66690,
0x0000016a2bf6ea20, 0x0000016a712348d0, 0x0000016a716b5cb0, 0x0000016a716bfad0,
0x0000016a716c2410, 0x0000016a739b5580, 0x0000016a739bab90, 0x0000016a739b5070
}

Java Threads: ( => current thread )
  0x0000016a2bf43fa0 JavaThread "Reference Handler" daemon [_thread_blocked, id=28028, stack(0x0000002adc500000,0x0000002adc600000)]
  0x0000016a2bf44d30 JavaThread "Finalizer" daemon [_thread_blocked, id=21712, stack(0x0000002adc600000,0x0000002adc700000)]
  0x0000016a2bf55e70 JavaThread "Signal Dispatcher" daemon [_thread_blocked, id=24648, stack(0x0000002adc700000,0x0000002adc800000)]
  0x0000016a2bf56840 JavaThread "Attach Listener" daemon [_thread_blocked, id=9572, stack(0x0000002adc800000,0x0000002adc900000)]
  0x0000016a2bf59620 JavaThread "Service Thread" daemon [_thread_blocked, id=23936, stack(0x0000002adc900000,0x0000002adca00000)]
  0x0000016a2bf59ef0 JavaThread "Monitor Deflation Thread" daemon [_thread_blocked, id=21900, stack(0x0000002adca00000,0x0000002adcb00000)]
  0x0000016a2bf65040 JavaThread "C1 CompilerThread0" daemon [_thread_blocked, id=28820, stack(0x0000002adcb00000,0x0000002adcc00000)]
  0x0000016a2bf66690 JavaThread "Sweeper thread" daemon [_thread_blocked, id=27564, stack(0x0000002adcc00000,0x0000002adcd00000)]
  0x0000016a2bf6ea20 JavaThread "Common-Cleaner" daemon [_thread_blocked, id=27712, stack(0x0000002adcd00000,0x0000002adce00000)]
  0x0000016a712348d0 JavaThread "Notification Thread" daemon [_thread_blocked, id=3440, stack(0x0000002add000000,0x0000002add100000)]
  0x0000016a716b5cb0 JavaThread "RMI TCP Accept-0" daemon [_thread_in_native, id=11208, stack(0x0000002add200000,0x0000002add300000)]
  0x0000016a716bfad0 JavaThread "RMI TCP Accept-55180" daemon [_thread_in_native, id=26788, stack(0x0000002add300000,0x0000002add400000)]
  0x0000016a716c2410 JavaThread "RMI TCP Accept-0" daemon [_thread_in_native, id=7800, stack(0x0000002add400000,0x0000002add500000)]
  0x0000016a739b5580 JavaThread "Live Reload Server" daemon [_thread_in_native, id=12656, stack(0x0000002adee00000,0x0000002adef00000)]
  0x0000016a739bab90 JavaThread "DestroyJavaVM" [_thread_blocked, id=28712, stack(0x0000002adbe00000,0x0000002adbf00000)]
  0x0000016a739b5070 JavaThread "Thread-5" [_thread_blocked, id=26140, stack(0x0000002adbb00000,0x0000002adbc00000)]

Other Threads:
  0x0000016a2bf3f7e0 VMThread "VM Thread" [stack: 0x0000002adc400000,0x0000002adc500000] [id=22128]
  0x0000016a7188c470 WatcherThread [stack: 0x0000002add500000,0x0000002add600000] [id=8824]
=>0x0000016a104ebef0 GCTaskThread "GC Thread#0" [stack: 0x0000002adbf00000,0x0000002adc000000] [id=28840]
  0x0000016a71aef130 GCTaskThread "GC Thread#1" [stack: 0x0000002add600000,0x0000002add700000] [id=17164]
  0x0000016a71aef3f0 GCTaskThread "GC Thread#2" [stack: 0x0000002add700000,0x0000002add800000] [id=6004]
  0x0000016a71aef6b0 GCTaskThread "GC Thread#3" [stack: 0x0000002add800000,0x0000002add900000] [id=188]
  0x0000016a71b6bf20 GCTaskThread "GC Thread#4" [stack: 0x0000002add900000,0x0000002adda00000] [id=28412]
  0x0000016a71b6c7f0 GCTaskThread "GC Thread#5" [stack: 0x0000002adda00000,0x0000002addb00000] [id=3196]
  0x0000016a71b6ccc0 GCTaskThread "GC Thread#6" [stack: 0x0000002addb00000,0x0000002addc00000] [id=21636]
  0x0000016a71b6d810 GCTaskThread "GC Thread#7" [stack: 0x0000002addc00000,0x0000002addd00000] [id=12776]
  0x0000016a71b6eb50 GCTaskThread "GC Thread#8" [stack: 0x0000002addd00000,0x0000002adde00000] [id=29056]
  0x0000016a71b6dad0 GCTaskThread "GC Thread#9" [stack: 0x0000002ade200000,0x0000002ade300000] [id=25164]
  0x0000016a104f93b0 ConcurrentGCThread "G1 Main Marker" [stack: 0x0000002adc000000,0x0000002adc100000] [id=24632]
  0x0000016a104f9cd0 ConcurrentGCThread "G1 Conc#0" [stack: 0x0000002adc100000,0x0000002adc200000] [id=27116]
  0x0000016a71b6dd90 ConcurrentGCThread "G1 Conc#1" [stack: 0x0000002ade300000,0x0000002ade400000] [id=14160]
  0x0000016a71b6e890 ConcurrentGCThread "G1 Conc#2" [stack: 0x0000002ade400000,0x0000002ade500000] [id=23004]
  0x0000016a2bdf45a0 ConcurrentGCThread "G1 Refine#0" [stack: 0x0000002adc200000,0x0000002adc300000] [id=11116]
  0x0000016a71ac44a0 ConcurrentGCThread "G1 Refine#1" [stack: 0x0000002adde00000,0x0000002addf00000] [id=20624]
  0x0000016a71ac4fa0 ConcurrentGCThread "G1 Refine#2" [stack: 0x0000002addf00000,0x0000002ade000000] [id=18048]
  0x0000016a2bdf4ee0 ConcurrentGCThread "G1 Service" [stack: 0x0000002adc300000,0x0000002adc400000] [id=17860]

Threads with active compile tasks:
C1 CompilerThread0  27169131 8636  s    1       org.apache.catalina.util.LifecycleBase::setStateInternal (144 bytes)

VM state: at safepoint (normal execution)

VM Mutex/Monitor currently owned by a thread:  ([mutex/lock_event])
[0x0000016a1045c7c0] Threads_lock - owner thread: 0x0000016a2bf3f7e0
[0x0000016a1045d6f0] Heap_lock - owner thread: 0x0000016a739b5070

Heap address: 0x0000000682800000, size: 6104 MB, Compressed Oops mode: Zero based, Oop shift amount: 3

CDS archive(s) mapped at: [0x0000016a2c000000-0x0000016a2cbd0000-0x0000016a2cbd0000), size 12386304, SharedBaseAddress: 0x0000016a2c000000, ArchiveRelocationMode: 1.
Compressed class space mapped at: 0x0000016a2d000000-0x0000016a6d000000, reserved size: 1073741824
Narrow klass base: 0x0000016a2c000000, Narrow klass shift: 0, Narrow klass range: 0x100000000

GC Precious Log:
 CPUs: 12 total, 12 available
 Memory: 24407M
 Large Page Support: Disabled
 NUMA Support: Disabled
 Compressed Oops: Enabled (Zero based)
 Heap Region Size: 4M
 Heap Min Capacity: 8M
 Heap Initial Capacity: 384M
 Heap Max Capacity: 6104M
 Pre-touch: Disabled
 Parallel Workers: 10
 Concurrent Workers: 3
 Concurrent Refinement Workers: 10
 Periodic GC: Disabled

Heap:
 garbage-first heap   total 81920K, used 39086K [0x0000000682800000, 0x0000000800000000)
  region size 4096K, 4 young (16384K), 1 survivors (4096K)
 Metaspace       used 64498K, committed 65088K, reserved 1114112K
  class space    used 9114K, committed 9344K, reserved 1048576K

Heap Regions: E=young(eden), S=young(survivor), O=old, HS=humongous(starts), HC=humongous(continues), CS=collection set, F=free, OA=open archive, CA=closed archive, TAMS=top-at-mark-start (previous, next)
|   0|0x0000000682800000, 0x0000000682c00000, 0x0000000682c00000|100%| O|  |TAMS 0x0000000682c00000, 0x0000000682800000| Untracked 
|   1|0x0000000682c00000, 0x0000000683000000, 0x0000000683000000|100%| O|  |TAMS 0x0000000682c00000, 0x0000000682c00000| Untracked 
|   2|0x0000000683000000, 0x0000000683400000, 0x0000000683400000|100%| O|  |TAMS 0x0000000683400000, 0x0000000683000000| Untracked 
|   3|0x0000000683400000, 0x0000000683800000, 0x0000000683800000|100%| O|  |TAMS 0x0000000683400000, 0x0000000683400000| Untracked 
|   4|0x0000000683800000, 0x0000000683c00000, 0x0000000683c00000|100%| O|  |TAMS 0x0000000683a7f400, 0x0000000683800000| Untracked 
|   5|0x0000000683c00000, 0x0000000683d64800, 0x0000000684000000| 34%| O|  |TAMS 0x0000000683c00000, 0x0000000683c00000| Untracked 
|   6|0x0000000684000000, 0x0000000684400000, 0x0000000684400000|100%| O|  |TAMS 0x0000000684400000, 0x0000000684000000| Untracked 
|   7|0x0000000684400000, 0x0000000684400000, 0x0000000684800000|  0%| F|  |TAMS 0x0000000684400000, 0x0000000684400000| Untracked 
|   8|0x0000000684800000, 0x0000000684800000, 0x0000000684c00000|  0%| F|  |TAMS 0x0000000684800000, 0x0000000684800000| Untracked 
|   9|0x0000000684c00000, 0x0000000684f1db20, 0x0000000685000000| 77%| S|  |TAMS 0x0000000684c00000, 0x0000000684c00000| Complete 
|  10|0x0000000685000000, 0x0000000685000000, 0x0000000685400000|  0%| F|  |TAMS 0x0000000685000000, 0x0000000685000000| Untracked 
|  11|0x0000000685400000, 0x0000000685400000, 0x0000000685800000|  0%| F|  |TAMS 0x0000000685400000, 0x0000000685400000| Untracked 
|  12|0x0000000685800000, 0x0000000685800000, 0x0000000685c00000|  0%| F|  |TAMS 0x0000000685800000, 0x0000000685800000| Untracked 
|  13|0x0000000685c00000, 0x0000000685c00000, 0x0000000686000000|  0%| F|  |TAMS 0x0000000685c00000, 0x0000000685c00000| Untracked 
|  14|0x0000000686000000, 0x0000000686000000, 0x0000000686400000|  0%| F|  |TAMS 0x0000000686000000, 0x0000000686000000| Untracked 
|  15|0x0000000686400000, 0x0000000686400000, 0x0000000686800000|  0%| F|  |TAMS 0x0000000686400000, 0x0000000686400000| Untracked 
|  16|0x0000000686800000, 0x0000000686800000, 0x0000000686c00000|  0%| F|  |TAMS 0x0000000686800000, 0x0000000686800000| Untracked 
|  17|0x0000000686c00000, 0x0000000686da9788, 0x0000000687000000| 41%| E|  |TAMS 0x0000000686c00000, 0x0000000686c00000| Complete 
|  86|0x0000000698000000, 0x0000000698400000, 0x0000000698400000|100%| E|  |TAMS 0x0000000698000000, 0x0000000698000000| Complete 
|  95|0x000000069a400000, 0x000000069a800000, 0x000000069a800000|100%| E|  |TAMS 0x000000069a400000, 0x000000069a400000| Complete 

Card table byte_map: [0x0000016a1bc20000,0x0000016a1c810000] _byte_map_base: 0x0000016a1880c000

Marking Bits (Prev, Next): (CMBitMap*) 0x0000016a104ec460, (CMBitMap*) 0x0000016a104ec420
 Prev Bits: [0x0000016a23360000, 0x0000016a292c0000)
 Next Bits: [0x0000016a1d400000, 0x0000016a23360000)

Polling page: 0x0000016a0e390000

Metaspace:

Usage:
  Non-class:     54.09 MB used.
      Class:      8.90 MB used.
       Both:     62.99 MB used.

Virtual space:
  Non-class space:       64.00 MB reserved,      54.44 MB ( 85%) committed,  1 nodes.
      Class space:        1.00 GB reserved,       9.12 MB ( <1%) committed,  1 nodes.
             Both:        1.06 GB reserved,      63.56 MB (  6%) committed. 

Chunk freelists:
   Non-Class:  8.87 MB
       Class:  6.83 MB
        Both:  15.70 MB

MaxMetaspaceSize: unlimited
CompressedClassSpaceSize: 1.00 GB
Initial GC threshold: 21.00 MB
Current GC threshold: 98.75 MB
CDS: on
MetaspaceReclaimPolicy: balanced
 - commit_granule_bytes: 65536.
 - commit_granule_words: 8192.
 - virtual_space_node_default_size: 8388608.
 - enlarge_chunks_in_place: 1.
 - new_chunks_are_fully_committed: 0.
 - uncommit_free_chunks: 1.
 - use_allocation_guard: 0.
 - handle_deallocations: 1.


Internal statistics:

num_allocs_failed_limit: 9.
num_arena_births: 822.
num_arena_deaths: 0.
num_vsnodes_births: 2.
num_vsnodes_deaths: 0.
num_space_committed: 1017.
num_space_uncommitted: 0.
num_chunks_returned_to_freelist: 9.
num_chunks_taken_from_freelist: 3054.
num_chunk_merges: 9.
num_chunk_splits: 2235.
num_chunks_enlarged: 1724.
num_inconsistent_stats: 0.

CodeCache: size=49152Kb used=14676Kb max_used=16271Kb free=34475Kb
 bounds [0x0000016a17d00000, 0x0000016a18d10000, 0x0000016a1ad00000]
 total_blobs=9322 nmethods=8635 adapters=613
 compilation: enabled
              stopped_count=0, restarted_count=0
 full_count=0

Compilation events (20 events):
Event: 27168.988 Thread 0x0000016a2bf65040 nmethod 8626 0x0000016a18a95a90 code [0x0000016a18a95c60, 0x0000016a18a96078]
Event: 27168.988 Thread 0x0000016a2bf65040 8627       1       org.springframework.context.event.GenericApplicationListenerAdapter::resolveDeclaredEventType (57 bytes)
Event: 27168.988 Thread 0x0000016a2bf65040 nmethod 8627 0x0000016a18a95410 code [0x0000016a18a955e0, 0x0000016a18a958e8]
Event: 27169.019 Thread 0x0000016a2bf65040 8628       1       org.apache.tomcat.util.net.Acceptor::getState (5 bytes)
Event: 27169.019 Thread 0x0000016a2bf65040 nmethod 8628 0x0000016a18a95110 code [0x0000016a18a952a0, 0x0000016a18a95378]
Event: 27169.021 Thread 0x0000016a2bf65040 8629       1       org.apache.tomcat.util.threads.ThreadPoolExecutor$Worker::unlock (7 bytes)
Event: 27169.021 Thread 0x0000016a2bf65040 nmethod 8629 0x0000016a18a94d90 code [0x0000016a18a94f20, 0x0000016a18a95048]
Event: 27169.021 Thread 0x0000016a2bf65040 8630       1       java.util.concurrent.atomic.AtomicLong::decrementAndGet (16 bytes)
Event: 27169.021 Thread 0x0000016a2bf65040 nmethod 8630 0x0000016a18a94a90 code [0x0000016a18a94c20, 0x0000016a18a94d18]
Event: 27169.021 Thread 0x0000016a2bf65040 8631       1       org.apache.tomcat.util.threads.ThreadPoolExecutor$Worker::tryRelease (12 bytes)
Event: 27169.021 Thread 0x0000016a2bf65040 nmethod 8631 0x0000016a18a94790 code [0x0000016a18a94920, 0x0000016a18a94a18]
Event: 27169.022 Thread 0x0000016a2bf65040 8632  s    1       org.apache.tomcat.util.collections.SynchronizedStack::pop (39 bytes)
Event: 27169.022 Thread 0x0000016a2bf65040 nmethod 8632 0x0000016a18a94290 code [0x0000016a18a94440, 0x0000016a18a94698]
Event: 27169.032 Thread 0x0000016a2bf65040 8633       1       org.hibernate.service.spi.ServiceBinding::getLifecycleOwner (5 bytes)
Event: 27169.032 Thread 0x0000016a2bf65040 nmethod 8633 0x0000016a18a93f90 code [0x0000016a18a94120, 0x0000016a18a941f8]
Event: 27169.042 Thread 0x0000016a2bf65040 8634       1       java.util.concurrent.ScheduledThreadPoolExecutor$ScheduledFutureTask::cancel (38 bytes)
Event: 27169.042 Thread 0x0000016a2bf65040 nmethod 8634 0x0000016a18a93b10 code [0x0000016a18a93cc0, 0x0000016a18a93e48]
Event: 27169.042 Thread 0x0000016a2bf65040 8635   !   1       java.util.concurrent.FutureTask::cancel (88 bytes)
Event: 27169.043 Thread 0x0000016a2bf65040 nmethod 8635 0x0000016a18a92e90 code [0x0000016a18a930c0, 0x0000016a18a93688]
Event: 27169.056 Thread 0x0000016a2bf65040 8636  s    1       org.apache.catalina.util.LifecycleBase::setStateInternal (144 bytes)

GC Heap History (20 events):
Event: 7357.186 GC heap after
{Heap after GC invocations=20 (full 0):
 garbage-first heap   total 81920K, used 28769K [0x0000000682800000, 0x0000000800000000)
  region size 4096K, 1 young (4096K), 1 survivors (4096K)
 Metaspace       used 64391K, committed 65024K, reserved 1114112K
  class space    used 9090K, committed 9344K, reserved 1048576K
}
Event: 9417.475 GC heap before
{Heap before GC invocations=20 (full 0):
 garbage-first heap   total 81920K, used 61537K [0x0000000682800000, 0x0000000800000000)
  region size 4096K, 9 young (36864K), 1 survivors (4096K)
 Metaspace       used 64391K, committed 65024K, reserved 1114112K
  class space    used 9090K, committed 9344K, reserved 1048576K
}
Event: 9417.479 GC heap after
{Heap after GC invocations=21 (full 0):
 garbage-first heap   total 81920K, used 28562K [0x0000000682800000, 0x0000000800000000)
  region size 4096K, 1 young (4096K), 1 survivors (4096K)
 Metaspace       used 64391K, committed 65024K, reserved 1114112K
  class space    used 9090K, committed 9344K, reserved 1048576K
}
Event: 11471.102 GC heap before
{Heap before GC invocations=21 (full 0):
 garbage-first heap   total 81920K, used 61330K [0x0000000682800000, 0x0000000800000000)
  region size 4096K, 9 young (36864K), 1 survivors (4096K)
 Metaspace       used 64391K, committed 65024K, reserved 1114112K
  class space    used 9090K, committed 9344K, reserved 1048576K
}
Event: 11471.104 GC heap after
{Heap after GC invocations=22 (full 0):
 garbage-first heap   total 81920K, used 28572K [0x0000000682800000, 0x0000000800000000)
  region size 4096K, 1 young (4096K), 1 survivors (4096K)
 Metaspace       used 64391K, committed 65024K, reserved 1114112K
  class space    used 9090K, committed 9344K, reserved 1048576K
}
Event: 13800.800 GC heap before
{Heap before GC invocations=22 (full 0):
 garbage-first heap   total 81920K, used 65436K [0x0000000682800000, 0x0000000800000000)
  region size 4096K, 10 young (40960K), 1 survivors (4096K)
 Metaspace       used 64391K, committed 65024K, reserved 1114112K
  class space    used 9090K, committed 9344K, reserved 1048576K
}
Event: 13800.802 GC heap after
{Heap after GC invocations=23 (full 0):
 garbage-first heap   total 81920K, used 28574K [0x0000000682800000, 0x0000000800000000)
  region size 4096K, 1 young (4096K), 1 survivors (4096K)
 Metaspace       used 64391K, committed 65024K, reserved 1114112K
  class space    used 9090K, committed 9344K, reserved 1048576K
}
Event: 15981.234 GC heap before
{Heap before GC invocations=23 (full 0):
 garbage-first heap   total 81920K, used 65438K [0x0000000682800000, 0x0000000800000000)
  region size 4096K, 10 young (40960K), 1 survivors (4096K)
 Metaspace       used 64391K, committed 65024K, reserved 1114112K
  class space    used 9090K, committed 9344K, reserved 1048576K
}
Event: 15981.236 GC heap after
{Heap after GC invocations=24 (full 0):
 garbage-first heap   total 81920K, used 28873K [0x0000000682800000, 0x0000000800000000)
  region size 4096K, 1 young (4096K), 1 survivors (4096K)
 Metaspace       used 64391K, committed 65024K, reserved 1114112K
  class space    used 9090K, committed 9344K, reserved 1048576K
}
Event: 18079.482 GC heap before
{Heap before GC invocations=24 (full 0):
 garbage-first heap   total 81920K, used 65737K [0x0000000682800000, 0x0000000800000000)
  region size 4096K, 10 young (40960K), 1 survivors (4096K)
 Metaspace       used 64391K, committed 65024K, reserved 1114112K
  class space    used 9090K, committed 9344K, reserved 1048576K
}
Event: 18079.485 GC heap after
{Heap after GC invocations=25 (full 0):
 garbage-first heap   total 81920K, used 29099K [0x0000000682800000, 0x0000000800000000)
  region size 4096K, 1 young (4096K), 1 survivors (4096K)
 Metaspace       used 64391K, committed 65024K, reserved 1114112K
  class space    used 9090K, committed 9344K, reserved 1048576K
}
Event: 20095.468 GC heap before
{Heap before GC invocations=25 (full 0):
 garbage-first heap   total 81920K, used 61867K [0x0000000682800000, 0x0000000800000000)
  region size 4096K, 9 young (36864K), 1 survivors (4096K)
 Metaspace       used 64391K, committed 65024K, reserved 1114112K
  class space    used 9090K, committed 9344K, reserved 1048576K
}
Event: 20095.471 GC heap after
{Heap after GC invocations=26 (full 0):
 garbage-first heap   total 81920K, used 28579K [0x0000000682800000, 0x0000000800000000)
  region size 4096K, 1 young (4096K), 1 survivors (4096K)
 Metaspace       used 64391K, committed 65024K, reserved 1114112K
  class space    used 9090K, committed 9344K, reserved 1048576K
}
Event: 22368.471 GC heap before
{Heap before GC invocations=26 (full 0):
 garbage-first heap   total 81920K, used 65443K [0x0000000682800000, 0x0000000800000000)
  region size 4096K, 10 young (40960K), 1 survivors (4096K)
 Metaspace       used 64391K, committed 65024K, reserved 1114112K
  class space    used 9090K, committed 9344K, reserved 1048576K
}
Event: 22368.473 GC heap after
{Heap after GC invocations=27 (full 0):
 garbage-first heap   total 81920K, used 28656K [0x0000000682800000, 0x0000000800000000)
  region size 4096K, 1 young (4096K), 1 survivors (4096K)
 Metaspace       used 64391K, committed 65024K, reserved 1114112K
  class space    used 9090K, committed 9344K, reserved 1048576K
}
Event: 24666.474 GC heap before
{Heap before GC invocations=27 (full 0):
 garbage-first heap   total 81920K, used 65520K [0x0000000682800000, 0x0000000800000000)
  region size 4096K, 10 young (40960K), 1 survivors (4096K)
 Metaspace       used 64391K, committed 65024K, reserved 1114112K
  class space    used 9090K, committed 9344K, reserved 1048576K
}
Event: 24666.477 GC heap after
{Heap after GC invocations=28 (full 0):
 garbage-first heap   total 81920K, used 28708K [0x0000000682800000, 0x0000000800000000)
  region size 4096K, 1 young (4096K), 1 survivors (4096K)
 Metaspace       used 64391K, committed 65024K, reserved 1114112K
  class space    used 9090K, committed 9344K, reserved 1048576K
}
Event: 26698.123 GC heap before
{Heap before GC invocations=28 (full 0):
 garbage-first heap   total 81920K, used 65572K [0x0000000682800000, 0x0000000800000000)
  region size 4096K, 10 young (40960K), 1 survivors (4096K)
 Metaspace       used 64391K, committed 65024K, reserved 1114112K
  class space    used 9090K, committed 9344K, reserved 1048576K
}
Event: 26698.125 GC heap after
{Heap after GC invocations=29 (full 0):
 garbage-first heap   total 81920K, used 29192K [0x0000000682800000, 0x0000000800000000)
  region size 4096K, 1 young (4096K), 1 survivors (4096K)
 Metaspace       used 64391K, committed 65024K, reserved 1114112K
  class space    used 9090K, committed 9344K, reserved 1048576K
}
Event: 27169.057 GC heap before
{Heap before GC invocations=29 (full 0):
 garbage-first heap   total 81920K, used 37384K [0x0000000682800000, 0x0000000800000000)
  region size 4096K, 4 young (16384K), 1 survivors (4096K)
 Metaspace       used 64498K, committed 65088K, reserved 1114112K
  class space    used 9114K, committed 9344K, reserved 1048576K
}

Deoptimization events (16 events):
Event: 0.706 Thread 0x0000016a71bf5d20 DEOPT PACKING pc=0x0000016a182c5479 sp=0x0000002ade1fc740
Event: 0.706 Thread 0x0000016a71bf5d20 DEOPT UNPACKING pc=0x0000016a17d52b43 sp=0x0000002ade1fbc20 mode 3
Event: 0.802 Thread 0x0000016a71bf5d20 DEOPT PACKING pc=0x0000016a1830d6d5 sp=0x0000002ade1fd2b0
Event: 0.802 Thread 0x0000016a71bf5d20 DEOPT UNPACKING pc=0x0000016a17d52b43 sp=0x0000002ade1fc758 mode 3
Event: 1.714 Thread 0x0000016a71bf5d20 DEOPT PACKING pc=0x0000016a1853d2a5 sp=0x0000002ade1fba70
Event: 1.714 Thread 0x0000016a71bf5d20 DEOPT UNPACKING pc=0x0000016a17d52b43 sp=0x0000002ade1fafd8 mode 3
Event: 1.727 Thread 0x0000016a727ec820 DEOPT PACKING pc=0x0000016a1823329f sp=0x0000002ade6ff170
Event: 1.727 Thread 0x0000016a727ec820 DEOPT UNPACKING pc=0x0000016a17d52b43 sp=0x0000002ade6fe5c8 mode 3
Event: 1.727 Thread 0x0000016a71bf5d20 DEOPT PACKING pc=0x0000016a182d1589 sp=0x0000002ade1fdc00
Event: 1.727 Thread 0x0000016a71bf5d20 DEOPT UNPACKING pc=0x0000016a17d52b43 sp=0x0000002ade1fd090 mode 3
Event: 3.138 Thread 0x0000016a71bf5d20 DEOPT PACKING pc=0x0000016a186ba364 sp=0x0000002ade1fb9a0
Event: 3.138 Thread 0x0000016a71bf5d20 DEOPT UNPACKING pc=0x0000016a17d52b43 sp=0x0000002ade1faef8 mode 0
Event: 3.206 Thread 0x0000016a71bf5d20 DEOPT PACKING pc=0x0000016a182dc5d2 sp=0x0000002ade1fd160
Event: 3.206 Thread 0x0000016a71bf5d20 DEOPT UNPACKING pc=0x0000016a17d52b43 sp=0x0000002ade1fc668 mode 3
Event: 222.652 Thread 0x0000016a739ba680 DEOPT PACKING pc=0x0000016a17e41f4b sp=0x0000002adf5fd0f0
Event: 222.652 Thread 0x0000016a739ba680 DEOPT UNPACKING pc=0x0000016a17d52b43 sp=0x0000002adf5fc618 mode 3

Classes unloaded (20 events):
Event: 27169.087 Thread 0x0000016a2bf3f7e0 Unloading class 0x0000016a2d095c00 'java/lang/invoke/LambdaForm$MH+0x0000016a2d095c00'
Event: 27169.087 Thread 0x0000016a2bf3f7e0 Unloading class 0x0000016a2d095800 'java/lang/invoke/LambdaForm$MH+0x0000016a2d095800'
Event: 27169.087 Thread 0x0000016a2bf3f7e0 Unloading class 0x0000016a2d095400 'java/lang/invoke/LambdaForm$MH+0x0000016a2d095400'
Event: 27169.087 Thread 0x0000016a2bf3f7e0 Unloading class 0x0000016a2d095000 'java/lang/invoke/LambdaForm$MH+0x0000016a2d095000'
Event: 27169.087 Thread 0x0000016a2bf3f7e0 Unloading class 0x0000016a2d094c00 'java/lang/invoke/LambdaForm$MH+0x0000016a2d094c00'
Event: 27169.087 Thread 0x0000016a2bf3f7e0 Unloading class 0x0000016a2d094400 'java/lang/invoke/LambdaForm$MH+0x0000016a2d094400'
Event: 27169.087 Thread 0x0000016a2bf3f7e0 Unloading class 0x0000016a2d094000 'java/lang/invoke/LambdaForm$MH+0x0000016a2d094000'
Event: 27169.087 Thread 0x0000016a2bf3f7e0 Unloading class 0x0000016a2d080800 'jdk/internal/reflect/GeneratedSerializationConstructorAccessor3'
Event: 27169.087 Thread 0x0000016a2bf3f7e0 Unloading class 0x0000016a2d080400 'jdk/internal/reflect/GeneratedSerializationConstructorAccessor2'
Event: 27169.087 Thread 0x0000016a2bf3f7e0 Unloading class 0x0000016a2d080000 'jdk/internal/reflect/GeneratedSerializationConstructorAccessor1'
Event: 27169.087 Thread 0x0000016a2bf3f7e0 Unloading class 0x0000016a2d008800 'java/lang/invoke/LambdaForm$DMH+0x0000016a2d008800'
Event: 27169.087 Thread 0x0000016a2bf3f7e0 Unloading class 0x0000016a2d008000 'java/lang/invoke/LambdaForm$DMH+0x0000016a2d008000'
Event: 27169.087 Thread 0x0000016a2bf3f7e0 Unloading class 0x0000016a2d007400 'jdk/internal/reflect/GeneratedConstructorAccessor1'
Event: 27169.087 Thread 0x0000016a2bf3f7e0 Unloading class 0x0000016a2d006800 'java/lang/invoke/LambdaForm$MH+0x0000016a2d006800'
Event: 27169.087 Thread 0x0000016a2bf3f7e0 Unloading class 0x0000016a2d006400 'java/lang/invoke/LambdaForm$MH+0x0000016a2d006400'
Event: 27169.087 Thread 0x0000016a2bf3f7e0 Unloading class 0x0000016a2d006000 'java/lang/invoke/LambdaForm$MH+0x0000016a2d006000'
Event: 27169.087 Thread 0x0000016a2bf3f7e0 Unloading class 0x0000016a2d005c00 'java/lang/invoke/LambdaForm$MH+0x0000016a2d005c00'
Event: 27169.087 Thread 0x0000016a2bf3f7e0 Unloading class 0x0000016a2d005800 'java/lang/invoke/LambdaForm$MH+0x0000016a2d005800'
Event: 27169.087 Thread 0x0000016a2bf3f7e0 Unloading class 0x0000016a2d004400 'java/lang/invoke/LambdaForm$MH+0x0000016a2d004400'
Event: 27169.087 Thread 0x0000016a2bf3f7e0 Unloading class 0x0000016a2d004000 'java/lang/invoke/LambdaForm$MH+0x0000016a2d004000'

Classes redefined (0 events):
No events

Internal exceptions (20 events):
Event: 3.389 Thread 0x0000016a71bf5d20 Exception <a 'java/lang/IncompatibleClassChangeError'{0x0000000685da5800}: Found class java.lang.Object, but interface was expected> (0x0000000685da5800) 
thrown [s\open\src\hotspot\share\interpreter\linkResolver.cpp, line 826]
Event: 3.436 Thread 0x0000016a71bf5d20 Exception <a 'java/lang/NoSuchMethodError'{0x0000000685af2f78}: 'java.lang.Object java.lang.invoke.DirectMethodHandle$Holder.newInvokeSpecial(java.lang.Object, java.lang.Object, int, java.lang.Object, java.lang.Object)'> (0x0000000685af2f78) 
thrown [s\open\src\hotspot\share\interpreter\linkResolver.cpp, line 759]
Event: 3.437 Thread 0x0000016a71bf5d20 Exception <a 'java/lang/NoSuchMethodError'{0x0000000685afe5f0}: 'java.lang.Object java.lang.invoke.DirectMethodHandle$Holder.invokeSpecial(java.lang.Object, java.lang.Object, int, java.lang.Object, int, java.lang.Object)'> (0x0000000685afe5f0) 
thrown [s\open\src\hotspot\share\interpreter\linkResolver.cpp, line 759]
Event: 3.438 Thread 0x0000016a71bf5d20 Exception <a 'java/lang/NoSuchMethodError'{0x0000000685b066a0}: 'java.lang.Object java.lang.invoke.DirectMethodHandle$Holder.newInvokeSpecial(java.lang.Object, java.lang.Object, int, java.lang.Object, int)'> (0x0000000685b066a0) 
thrown [s\open\src\hotspot\share\interpreter\linkResolver.cpp, line 759]
Event: 3.439 Thread 0x0000016a71bf5d20 Exception <a 'java/lang/NoSuchMethodError'{0x0000000685b0a7a0}: 'java.lang.Object java.lang.invoke.DirectMethodHandle$Holder.invokeSpecial(java.lang.Object, java.lang.Object, java.lang.Object, int, java.lang.Object, int)'> (0x0000000685b0a7a0) 
thrown [s\open\src\hotspot\share\interpreter\linkResolver.cpp, line 759]
Event: 6.017 Thread 0x0000016a739ba170 Exception <a 'java/lang/NoSuchMethodError'{0x000000069a4ffdd0}: 'java.lang.Object java.lang.invoke.DirectMethodHandle$Holder.invokeSpecial(java.lang.Object, java.lang.Object, java.lang.Object, java.lang.Object, java.lang.Object, long)'> (0x000000069a4ffdd0) 
thrown [s\open\src\hotspot\share\interpreter\linkResolver.cpp, line 759]
Event: 6.017 Thread 0x0000016a739ba170 Exception <a 'java/lang/NoSuchMethodError'{0x000000069a503810}: 'java.lang.Object java.lang.invoke.Invokers$Holder.linkToTargetMethod(java.lang.Object, java.lang.Object, java.lang.Object, long, java.lang.Object)'> (0x000000069a503810) 
thrown [s\open\src\hotspot\share\interpreter\linkResolver.cpp, line 759]
Event: 6.117 Thread 0x0000016a739ba170 Exception <a 'java/lang/NoSuchMethodError'{0x00000006983c0db0}: 'java.lang.Object java.lang.invoke.DirectMethodHandle$Holder.invokeInterface(java.lang.Object, java.lang.Object, java.lang.Object, java.lang.Object)'> (0x00000006983c0db0) 
thrown [s\open\src\hotspot\share\interpreter\linkResolver.cpp, line 759]
Event: 6.190 Thread 0x0000016a739ba170 Exception <a 'java/lang/IncompatibleClassChangeError'{0x00000006868939d0}: Found class java.lang.Object, but interface was expected> (0x00000006868939d0) 
thrown [s\open\src\hotspot\share\interpreter\linkResolver.cpp, line 826]
Event: 1758.448 Thread 0x0000016a739b8310 Exception <a 'java/lang/reflect/InvocationTargetException'{0x00000006863d0ab8}> (0x00000006863d0ab8) 
thrown [s\open\src\hotspot\share\runtime\reflection.cpp, line 1121]
Event: 1760.295 Thread 0x0000016a739b8310 Exception <a 'java/lang/reflect/InvocationTargetException'{0x0000000685c2a050}> (0x0000000685c2a050) 
thrown [s\open\src\hotspot\share\runtime\reflection.cpp, line 1121]
Event: 1773.015 Thread 0x0000016a739b69c0 Exception <a 'java/lang/reflect/InvocationTargetException'{0x0000000685ccac20}> (0x0000000685ccac20) 
thrown [s\open\src\hotspot\share\runtime\reflection.cpp, line 1121]
Event: 1773.045 Thread 0x0000016a739b69c0 Exception <a 'java/lang/reflect/InvocationTargetException'{0x0000000685d264b0}> (0x0000000685d264b0) 
thrown [s\open\src\hotspot\share\runtime\reflection.cpp, line 1121]
Event: 1783.432 Thread 0x0000016a739b8310 Exception <a 'java/lang/reflect/InvocationTargetException'{0x0000000685dc7d60}> (0x0000000685dc7d60) 
thrown [s\open\src\hotspot\share\runtime\reflection.cpp, line 1121]
Event: 1787.435 Thread 0x0000016a739b8310 Exception <a 'java/lang/reflect/InvocationTargetException'{0x0000000685e25b68}> (0x0000000685e25b68) 
thrown [s\open\src\hotspot\share\runtime\reflection.cpp, line 1121]
Event: 27168.982 Thread 0x0000016a727ebe00 Exception <a 'java/io/IOException'{0x0000000686c3fb28}> (0x0000000686c3fb28) 
thrown [s\open\src\hotspot\share\prims\jni.cpp, line 516]
Event: 27169.027 Thread 0x0000016a739b5070 Exception <a 'java/io/IOException'{0x0000000686d03008}> (0x0000000686d03008) 
thrown [s\open\src\hotspot\share\prims\jni.cpp, line 516]
Event: 27169.040 Thread 0x0000016a739b5070 Exception <a 'java/io/IOException'{0x0000000686d2a620}> (0x0000000686d2a620) 
thrown [s\open\src\hotspot\share\prims\jni.cpp, line 516]
Event: 27169.044 Thread 0x0000016a739b5070 Exception <a 'java/io/IOException'{0x0000000686d34e78}> (0x0000000686d34e78) 
thrown [s\open\src\hotspot\share\prims\jni.cpp, line 516]
Event: 27169.055 Thread 0x0000016a727ed240 Exception <a 'java/lang/InterruptedException'{0x0000000686d849e8}: sleep interrupted> (0x0000000686d849e8) 
thrown [s\open\src\hotspot\share\prims\jvm.cpp, line 3064]

VM Operations (20 events):
Event: 17773.607 Executing VM operation: Cleanup done
Event: 18079.482 Executing VM operation: G1CollectForAllocation
Event: 18079.485 Executing VM operation: G1CollectForAllocation done
Event: 19561.656 Executing VM operation: Cleanup
Event: 19561.656 Executing VM operation: Cleanup done
Event: 20095.468 Executing VM operation: G1CollectForAllocation
Event: 20095.471 Executing VM operation: G1CollectForAllocation done
Event: 21390.396 Executing VM operation: Cleanup
Event: 21390.396 Executing VM operation: Cleanup done
Event: 22368.470 Executing VM operation: G1CollectForAllocation
Event: 22368.473 Executing VM operation: G1CollectForAllocation done
Event: 23109.031 Executing VM operation: Cleanup
Event: 23109.031 Executing VM operation: Cleanup done
Event: 23159.582 Executing VM operation: Cleanup
Event: 23159.583 Executing VM operation: Cleanup done
Event: 24666.474 Executing VM operation: G1CollectForAllocation
Event: 24666.477 Executing VM operation: G1CollectForAllocation done
Event: 26698.122 Executing VM operation: G1CollectForAllocation
Event: 26698.125 Executing VM operation: G1CollectForAllocation done
Event: 27169.056 Executing VM operation: G1CollectFull

Events (20 events):
Event: 27169.021 Thread 0x0000016a739bb5b0 Thread exited: 0x0000016a739bb5b0
Event: 27169.021 Thread 0x0000016a739bbac0 Thread exited: 0x0000016a739bbac0
Event: 27169.033 loading class java/util/AbstractMap$2
Event: 27169.033 loading class java/util/AbstractMap$2 done
Event: 27169.035 loading class java/util/AbstractMap$2$1
Event: 27169.035 loading class java/util/AbstractMap$2$1 done
Event: 27169.041 loading class jdk/internal/reflect/UnsafeQualifiedObjectFieldAccessorImpl
Event: 27169.041 loading class jdk/internal/reflect/UnsafeQualifiedFieldAccessorImpl
Event: 27169.041 loading class jdk/internal/reflect/UnsafeQualifiedFieldAccessorImpl done
Event: 27169.041 loading class jdk/internal/reflect/UnsafeQualifiedObjectFieldAccessorImpl done
Event: 27169.042 Thread 0x0000016a739b5fa0 Thread added: 0x0000016a739b5fa0
Event: 27169.042 Thread 0x0000016a727edc60 Thread exited: 0x0000016a727edc60
Event: 27169.044 Thread 0x0000016a739b5fa0 Thread exited: 0x0000016a739b5fa0
Event: 27169.054 loading class java/util/WeakHashMap$KeyIterator
Event: 27169.054 loading class java/util/WeakHashMap$HashIterator
Event: 27169.054 loading class java/util/WeakHashMap$HashIterator done
Event: 27169.054 loading class java/util/WeakHashMap$KeyIterator done
Event: 27169.055 Thread 0x0000016a727ec820 Thread exited: 0x0000016a727ec820
Event: 27169.055 Thread 0x0000016a727ecd30 Thread exited: 0x0000016a727ecd30
Event: 27169.056 Thread 0x0000016a727ed240 Thread exited: 0x0000016a727ed240


Dynamic libraries:
0x00007ff68eb40000 - 0x00007ff68eb50000 	C:\Program Files\Java\jdk-17\bin\javaw.exe
0x00007ffa1eed0000 - 0x00007ffa1f0c8000 	C:\Windows\SYSTEM32\ntdll.dll
0x00007ffa1df90000 - 0x00007ffa1e04d000 	C:\Windows\System32\KERNEL32.DLL
0x00007ffa1c8c0000 - 0x00007ffa1cbb6000 	C:\Windows\System32\KERNELBASE.dll
0x00007ffa1c5b0000 - 0x00007ffa1c6b0000 	C:\Windows\System32\ucrtbase.dll
0x00007ffa11de0000 - 0x00007ffa11df9000 	C:\Program Files\Java\jdk-17\bin\jli.dll
0x00007ffa11e00000 - 0x00007ffa11e1b000 	C:\Program Files\Java\jdk-17\bin\VCRUNTIME140.dll
0x00007ffa1d780000 - 0x00007ffa1d82f000 	C:\Windows\System32\ADVAPI32.dll
0x00007ffa1dc40000 - 0x00007ffa1dcde000 	C:\Windows\System32\msvcrt.dll
0x00007ffa1d830000 - 0x00007ffa1d8cc000 	C:\Windows\System32\sechost.dll
0x00007ffa1de60000 - 0x00007ffa1df86000 	C:\Windows\System32\RPCRT4.dll
0x00007ffa1d8d0000 - 0x00007ffa1da6e000 	C:\Windows\System32\USER32.dll
0x00007ffa1ce70000 - 0x00007ffa1ce92000 	C:\Windows\System32\win32u.dll
0x00007ffa1b960000 - 0x00007ffa1bbfa000 	C:\Windows\WinSxS\amd64_microsoft.windows.common-controls_6595b64144ccf1df_6.0.19041.3636_none_60b6a03d71f818d5\COMCTL32.dll
0x00007ffa1dce0000 - 0x00007ffa1dd0c000 	C:\Windows\System32\GDI32.dll
0x00007ffa1c6b0000 - 0x00007ffa1c7ca000 	C:\Windows\System32\gdi32full.dll
0x00007ffa1c820000 - 0x00007ffa1c8bd000 	C:\Windows\System32\msvcp_win.dll
0x00007ffa19130000 - 0x00007ffa1913a000 	C:\Windows\SYSTEM32\VERSION.dll
0x00007ffa1e0e0000 - 0x00007ffa1e110000 	C:\Windows\System32\IMM32.DLL
0x00007ffa15550000 - 0x00007ffa1555c000 	C:\Program Files\Java\jdk-17\bin\vcruntime140_1.dll
0x00007ff9ab2f0000 - 0x00007ff9ab37e000 	C:\Program Files\Java\jdk-17\bin\msvcp140.dll
0x00007ff960d50000 - 0x00007ff961931000 	C:\Program Files\Java\jdk-17\bin\server\jvm.dll
0x00007ffa1cf30000 - 0x00007ffa1cf38000 	C:\Windows\System32\PSAPI.DLL
0x00007ff9f7720000 - 0x00007ff9f7729000 	C:\Windows\SYSTEM32\WSOCK32.dll
0x00007ffa08340000 - 0x00007ffa08367000 	C:\Windows\SYSTEM32\WINMM.dll
0x00007ffa1d710000 - 0x00007ffa1d77b000 	C:\Windows\System32\WS2_32.dll
0x00007ffa1a790000 - 0x00007ffa1a7a2000 	C:\Windows\SYSTEM32\kernel.appcore.dll
0x00007ffa14a70000 - 0x00007ffa14a7a000 	C:\Program Files\Java\jdk-17\bin\jimage.dll
0x00007ffa1bfc0000 - 0x00007ffa1c1a4000 	C:\Windows\SYSTEM32\DBGHELP.DLL
0x00007ffa1bd60000 - 0x00007ffa1bd94000 	C:\Windows\SYSTEM32\dbgcore.DLL
0x00007ffa1cea0000 - 0x00007ffa1cf22000 	C:\Windows\System32\bcryptPrimitives.dll
0x00007ffa064f0000 - 0x00007ffa06515000 	C:\Program Files\Java\jdk-17\bin\java.dll
0x00007ff9ab210000 - 0x00007ff9ab2e7000 	C:\Program Files\Java\jdk-17\bin\jsvml.dll
0x00007ffa1e730000 - 0x00007ffa1ee75000 	C:\Windows\System32\SHELL32.dll
0x00007ffa19fe0000 - 0x00007ffa1a77b000 	C:\Windows\SYSTEM32\windows.storage.dll
0x00007ffa1e350000 - 0x00007ffa1e6a4000 	C:\Windows\System32\combase.dll
0x00007ffa1b8f0000 - 0x00007ffa1b91d000 	C:\Windows\SYSTEM32\Wldp.dll
0x00007ffa1da70000 - 0x00007ffa1db1d000 	C:\Windows\System32\SHCORE.dll
0x00007ffa1e6b0000 - 0x00007ffa1e705000 	C:\Windows\System32\shlwapi.dll
0x00007ffa1c4e0000 - 0x00007ffa1c505000 	C:\Windows\SYSTEM32\profapi.dll
0x00007ffa11d30000 - 0x00007ffa11d49000 	C:\Program Files\Java\jdk-17\bin\net.dll
0x00007ffa13920000 - 0x00007ffa13a2a000 	C:\Windows\SYSTEM32\WINHTTP.dll
0x00007ffa1b7b0000 - 0x00007ffa1b81a000 	C:\Windows\system32\mswsock.dll
0x00007ffa09c30000 - 0x00007ffa09c46000 	C:\Program Files\Java\jdk-17\bin\nio.dll
0x00007ffa06990000 - 0x00007ffa069a8000 	C:\Program Files\Java\jdk-17\bin\zip.dll
0x00007ffa11da0000 - 0x00007ffa11daa000 	C:\Program Files\Java\jdk-17\bin\management.dll
0x00007ffa11d80000 - 0x00007ffa11d8b000 	C:\Program Files\Java\jdk-17\bin\management_ext.dll
0x00007ffa159c0000 - 0x00007ffa159d7000 	C:\Windows\system32\napinsp.dll
0x00007ffa069e0000 - 0x00007ffa069fb000 	C:\Windows\system32\pnrpnsp.dll
0x00007ffa16630000 - 0x00007ffa16645000 	C:\Windows\system32\wshbth.dll
0x00007ffa16ed0000 - 0x00007ffa16eed000 	C:\Windows\system32\NLAapi.dll
0x00007ffa1b340000 - 0x00007ffa1b37b000 	C:\Windows\SYSTEM32\IPHLPAPI.DLL
0x00007ffa1b380000 - 0x00007ffa1b44a000 	C:\Windows\SYSTEM32\DNSAPI.dll
0x00007ffa1ee80000 - 0x00007ffa1ee88000 	C:\Windows\System32\NSI.dll
0x00007ff9eafc0000 - 0x00007ff9eafd2000 	C:\Windows\System32\winrnr.dll
0x00007ffa12fb0000 - 0x00007ffa12fba000 	C:\Windows\System32\rasadhlp.dll
0x00007ffa06910000 - 0x00007ffa06990000 	C:\Windows\System32\fwpuclnt.dll
0x00007ffa1cbc0000 - 0x00007ffa1cbe7000 	C:\Windows\System32\bcrypt.dll
0x00007ffa1c320000 - 0x00007ffa1c338000 	C:\Windows\SYSTEM32\CRYPTSP.dll
0x00007ffa1afe0000 - 0x00007ffa1b014000 	C:\Windows\system32\rsaenh.dll
0x00007ffa1c4a0000 - 0x00007ffa1c4ce000 	C:\Windows\SYSTEM32\USERENV.dll
0x00007ffa1b8e0000 - 0x00007ffa1b8ec000 	C:\Windows\SYSTEM32\CRYPTBASE.dll
0x00007ffa13f50000 - 0x00007ffa13f67000 	C:\Windows\SYSTEM32\dhcpcsvc6.DLL
0x00007ffa14860000 - 0x00007ffa1487d000 	C:\Windows\SYSTEM32\dhcpcsvc.DLL
0x00007ffa06be0000 - 0x00007ffa06bee000 	C:\Program Files\Java\jdk-17\bin\sunmscapi.dll
0x00007ffa1cd10000 - 0x00007ffa1ce6d000 	C:\Windows\System32\CRYPT32.dll
0x00007ffa1bc00000 - 0x00007ffa1bc27000 	C:\Windows\SYSTEM32\ncrypt.dll
0x00007ffa1b920000 - 0x00007ffa1b95b000 	C:\Windows\SYSTEM32\NTASN1.dll
0x00007ffa06670000 - 0x00007ffa06680000 	C:\Program Files\Java\jdk-17\bin\verify.dll
0x00007ff9f1160000 - 0x00007ff9f1167000 	C:\Windows\system32\wshunix.dll

dbghelp: loaded successfully - version: 4.0.5 - missing functions: none
symbol engine: initialized successfully - sym options: 0x614 - pdb path: .;C:\Program Files\Java\jdk-17\bin;C:\Windows\SYSTEM32;C:\Windows\WinSxS\amd64_microsoft.windows.common-controls_6595b64144ccf1df_6.0.19041.3636_none_60b6a03d71f818d5;C:\Program Files\Java\jdk-17\bin\server

VM Arguments:
jvm_args: -Dcom.sun.management.jmxremote -Dcom.sun.management.jmxremote.port=55180 -Dcom.sun.management.jmxremote.authenticate=false -Dcom.sun.management.jmxremote.ssl=false -Djava.rmi.server.hostname=localhost -Dspring.jmx.enabled=true -Dspring.liveBeansView.mbeanDomain -Dspring.application.admin.enabled=true -XX:TieredStopAtLevel=1 -Dspring.boot.project.name=product -Dfile.encoding=UTF-8 -XX:+ShowCodeDetailsInExceptionMessages 
java_command: com.product.ProductApplication
java_class_path (initial): C:\Users\zixta\OneDrive\Documents\Patito-Workspace\product\bin\main;C:\Users\zixta\.gradle\caches\modules-2\files-2.1\org.springframework.boot\spring-boot-starter-data-jpa\3.2.1\3d48124f433375cf0113aa69603021635b55a21a\spring-boot-starter-data-jpa-3.2.1.jar;C:\Users\zixta\.gradle\caches\modules-2\files-2.1\org.springframework.boot\spring-boot-starter-web\3.2.1\e27e36d4222fd4d589e634e1c7f5f09f0316147c\spring-boot-starter-web-3.2.1.jar;C:\Users\zixta\.gradle\caches\modules-2\files-2.1\org.springframework.boot\spring-boot-starter-aop\3.2.1\e8daf5422a28d8b2e304a00090a8fe730bda0e6c\spring-boot-starter-aop-3.2.1.jar;C:\Users\zixta\.gradle\caches\modules-2\files-2.1\org.springframework.boot\spring-boot-starter-jdbc\3.2.1\e3de1c46cd238d55f0c2a5f5ea416fadce000318\spring-boot-starter-jdbc-3.2.1.jar;C:\Users\zixta\.gradle\caches\modules-2\files-2.1\org.hibernate.orm\hibernate-core\6.4.1.Final\3dcefddf6609e6491d37208bcc0cab1273598cbd\hibernate-core-6.4.1.Final.jar;C:\Users\zixta\.gradle\caches\modules-2\files-2.1\org.springframework.data\spring-data-jpa\3.2.1\230869eb3094a2eb1cb0b077f7990e7f47062f53\spring-data-jpa-3.2.1.jar;C:\Users\zixta\.gradle\caches\modules-2\files-2.1\org.springframework\spring-aspects\6.1.2\423247e0be90804888668ea16d7e7f0d9168a7b9\spring-aspects-6.1.2.jar;C:\Users\zixta\.gradle\caches\modules-2\files-2.1\org.springframework.boot\spring-boot-starter-json\3.2.1\ecda50de20ab6d3c49ea30df4c1982048f5d31ac\spring-boot-starter-json-3.2.1.jar;C:\Users\zixta\.gradle\caches\modules-2\files-2.1\org.springframework.boot\spring-boot-starter\3.2.1\bc03d7075fb9d9d4877218db48d5dae3dd72a65d\spring-boot-starter-3.2.1.jar;C:\Users\zixta\.gradle\caches\modules-2\files-2.1\org.springframework.boot\spring-boot-starter-tomcat\3.2.1\d8efc48034015522958cb3fea5831b4cbcd4fcfb\spring-boot-starter-tomcat-3.2.1.jar;C:\Users\zixta\.gradle\caches\modules-2\files-2.1\org.springframework\spring-webmvc\6.1.2\906ee995372076e22ef9666d8628845c75bf5c42\spring-webmv
Launcher Type: SUN_STANDARD

[Global flags]
     intx CICompilerCount                          = 4                                         {product} {ergonomic}
     uint ConcGCThreads                            = 3                                         {product} {ergonomic}
     uint G1ConcRefinementThreads                  = 10                                        {product} {ergonomic}
   size_t G1HeapRegionSize                         = 4194304                                   {product} {ergonomic}
    uintx GCDrainStackTargetSize                   = 64                                        {product} {ergonomic}
   size_t InitialHeapSize                          = 402653184                                 {product} {ergonomic}
     bool ManagementServer                         = true                                      {product} {command line}
   size_t MarkStackSize                            = 4194304                                   {product} {ergonomic}
   size_t MaxHeapSize                              = 6400507904                                {product} {ergonomic}
   size_t MaxNewSize                               = 3837788160                                {product} {ergonomic}
   size_t MinHeapDeltaBytes                        = 4194304                                   {product} {ergonomic}
   size_t MinHeapSize                              = 8388608                                   {product} {ergonomic}
    uintx NonProfiledCodeHeapSize                  = 0                                      {pd product} {ergonomic}
     bool ProfileInterpreter                       = false                                  {pd product} {command line}
    uintx ProfiledCodeHeapSize                     = 0                                      {pd product} {ergonomic}
     bool ShowCodeDetailsInExceptionMessages       = true                                   {manageable} {command line}
   size_t SoftMaxHeapSize                          = 6400507904                             {manageable} {ergonomic}
     intx TieredStopAtLevel                        = 1                                         {product} {command line}
     bool UseCompressedClassPointers               = true                           {product lp64_product} {ergonomic}
     bool UseCompressedOops                        = true                           {product lp64_product} {ergonomic}
     bool UseG1GC                                  = true                                      {product} {ergonomic}
     bool UseLargePagesIndividualAllocation        = false                                  {pd product} {ergonomic}

Logging:
Log output configuration:
 #0: stdout all=warning uptime,level,tags
 #1: stderr all=off uptime,level,tags

Environment Variables:
JAVA_HOME=C:\Program Files\Java\jdk-17
PATH=C:/Users/zixta/.p2/pool/plugins/org.eclipse.justj.openjdk.hotspot.jre.full.win32.x86_64_21.0.1.v20231028-0937/jre/bin/server;C:/Users/zixta/.p2/pool/plugins/org.eclipse.justj.openjdk.hotspot.jre.full.win32.x86_64_21.0.1.v20231028-0937/jre/bin;C:\Program Files\Microsoft MPI\Bin\;C:\Program Files (x86)\Razer Chroma SDK\bin;C:\Program Files\Razer Chroma SDK\bin;C:\Program Files\Common Files\Oracle\Java\javapath;C:\Python312\Scripts\;C:\Python312\;C:\Program Files (x86)\Razer\ChromaBroadcast\bin;C:\Program Files\Razer\ChromaBroadcast\bin;C:\Program Files\Microsoft\jdk-11.0.16.101-hotspot\bin;C:\Windows\system32;C:\Windows;C:\Windows\System32\Wbem;C:\Windows\System32\WindowsPowerShell\v1.0\;C:\Windows\System32\OpenSSH\;C:\Program Files\NVIDIA Corporation\NVIDIA NvDLISR;C:\Program Files (x86)\NVIDIA Corporation\PhysX\Common;C:\Program Files\Microsoft SQL Server\150\Tools\Binn\;C:\Program Files\Microsoft SQL Server\Client SDK\ODBC\170\Tools\Binn\;C:\Program Files\dotnet\;C:\Program Files (x86)\Windows Kits\10\Windows Performance Toolkit\;C:\Windows\system32\config\systemprofile\AppData\Local\Microsoft\WindowsApps;C:\cmake-3.28.0-rc5-windows-x86_64\bin;C:\Program Files\nodejs\;C:\ProgramData\chocolatey\bin;C:\Program Files\Azure Data Studio\bin;C:\Program Files\Git\cmd;C:\Program Files\Java\jdk-17\bin;C:\Program Files (x86)\Microsoft SQL Server\160\Tools\Binn\;C:\Program Files\Microsoft SQL Server\160\Tools\Binn\;C:\Program Files\Microsoft SQL Server\160\DTS\Binn\;C:\Program Files (x86)\Microsoft SQL Server\160\DTS\Binn\;C:\Users\zixta\AppData\Local\Microsoft\WindowsApps;C:\Users\zixta\.dotnet\tools;C:\Users\zixta\AppData\Local\Programs\Microsoft VS Code\bin;C:\Users\zixta\AppData\Roaming\npm;C:\Users\zixta\AppData\Local\GitHubDesktop\bin;C:\Program Files\Azure Data Studio\bin;C:\Users\zixta\OneDrive\Escritorio;
USERNAME=zixta
OS=Windows_NT
PROCESSOR_IDENTIFIER=Intel64 Family 6 Model 165 Stepping 2, GenuineIntel



---------------  S Y S T E M  ---------------

OS:
 Windows 10 , 64 bit Build 19041 (10.0.19041.3636)
OS uptime: 3 days 21:16 hours

CPU: total 12 (initial active 12) (6 cores per cpu, 2 threads per core) family 6 model 165 stepping 2 microcode 0xea, cx8, cmov, fxsr, ht, mmx, 3dnowpref, sse, sse2, sse3, ssse3, sse4.1, sse4.2, popcnt, lzcnt, tsc, tscinvbit, avx, avx2, aes, erms, clmul, bmi1, bmi2, adx, fma, vzeroupper, clflush, clflushopt

Memory: 4k page, system-wide physical 24407M (9460M free)
TotalPageFile size 27991M (AvailPageFile size 4718M)
current process WorkingSet (physical memory assigned to process): 148M, peak: 229M
current process commit charge ("private bytes"): 278M, peak: 518M

vm_info: Java HotSpot(TM) 64-Bit Server VM (17.0.9+11-LTS-201) for windows-amd64 JRE (17.0.9+11-LTS-201), built on Oct 10 2023 23:16:06 by "mach5one" with MS VC++ 17.1 (VS2022)

END.
